<?xml version="1.0" encoding="UTF-8"?>
<coverage generated="1636547015776" clover="3.2.0">
  <project timestamp="1636547015776" name="All files">
    <metrics statements="15" coveredstatements="2" conditionals="0" coveredconditionals="0" methods="8" coveredmethods="1" elements="23" coveredelements="3" complexity="0" loc="15" ncloc="15" packages="2" files="4" classes="4"/>
    <package name="components.Main">
      <metrics statements="2" coveredstatements="2" conditionals="0" coveredconditionals="0" methods="1" coveredmethods="1"/>
      <file name="index.tsx" path="/Users/renatodelpupo/Projects/studies/next/_willian-justen/next-graphql-leaflet/boilerplate/src/components/Main/index.tsx">
        <metrics statements="2" coveredstatements="2" conditionals="0" coveredconditionals="0" methods="1" coveredmethods="1"/>
        <line num="3" count="1" type="stmt"/>
        <line num="4" count="2" type="stmt"/>
      </file>
    </package>
    <package name="pages">
      <metrics statements="13" coveredstatements="0" conditionals="0" coveredconditionals="0" methods="7" coveredmethods="0"/>
      <file name="_app.tsx" path="/Users/renatodelpupo/Projects/studies/next/_willian-justen/next-graphql-leaflet/boilerplate/src/pages/_app.tsx">
        <metrics statements="1" coveredstatements="0" conditionals="0" coveredconditionals="0" methods="1" coveredmethods="0"/>
        <line num="7" count="0" type="stmt"/>
      </file>
      <file name="_document.tsx" path="/Users/renatodelpupo/Projects/studies/next/_willian-justen/next-graphql-leaflet/boilerplate/src/pages/_document.tsx">
        <metrics statements="11" coveredstatements="0" conditionals="0" coveredconditionals="0" methods="5" coveredmethods="0"/>
        <line num="12" count="0" type="stmt"/>
        <line num="13" count="0" type="stmt"/>
        <line num="15" count="0" type="stmt"/>
        <line num="16" count="0" type="stmt"/>
        <line num="17" count="0" type="stmt"/>
        <line num="18" count="0" type="stmt"/>
        <line num="19" count="0" type="stmt"/>
        <line num="22" count="0" type="stmt"/>
        <line num="23" count="0" type="stmt"/>
        <line num="33" count="0" type="stmt"/>
        <line num="38" count="0" type="stmt"/>
      </file>
      <file name="index.tsx" path="/Users/renatodelpupo/Projects/studies/next/_willian-justen/next-graphql-leaflet/boilerplate/src/pages/index.tsx">
        <metrics statements="1" coveredstatements="0" conditionals="0" coveredconditionals="0" methods="1" coveredmethods="0"/>
        <line num="4" count="0" type="stmt"/>
      </file>
    </package>
  </project>
</coverage>
